<?xml version="1.0" encoding="UTF-8"?>
<!-- Generated by org.testng.reporters.JUnitReportReporter -->
<testsuite skipped="0" hostname="DESKTOP-J2R79CT" name="Validation" tests="1" failures="0" timestamp="11 Apr 2018 08:46:48 GMT" time="0.076" errors="0">
  <testcase name="testAssert" time="0.076" classname="Validation"/>
</testsuite> <!-- Validation -->
